  main.cpp
c1xx : warning C4005: '_OPENMP': 매크로 재정의
  c1xx: note: 명령줄 인수: '_OPENMP'의 이전 정의를 참조하십시오.
f:\projects\ai\code\ai_project_realtime_strout\ai_project\asiolib.h(4): warning C4005: 'WIN32': 매크로 재정의
  f:\projects\ai\code\ai_project_realtime_strout\ai_project\asiolib.h(4): note: 명령줄 인수: 'WIN32'의 이전 정의를 참조하십시오.
f:\projects\ai\code\ai_project_realtime_strout\ai_project\asiolib.h(6): warning C4005: '_CONSOLE': 매크로 재정의
  f:\projects\ai\code\ai_project_realtime_strout\ai_project\asiolib.h(6): note: 명령줄 인수: '_CONSOLE'의 이전 정의를 참조하십시오.
main.cpp(326): warning C4018: '<': signed 또는 unsigned가 일치하지 않습니다.
main.cpp(328): warning C4244: '=': 'double'에서 'MY_TYPE'(으)로 변환하면서 데이터가 손실될 수 있습니다.
main.cpp(355): warning C4018: '<': signed 또는 unsigned가 일치하지 않습니다.
main.cpp(357): warning C4018: '<': signed 또는 unsigned가 일치하지 않습니다.
main.cpp(373): warning C4018: '<': signed 또는 unsigned가 일치하지 않습니다.
main.cpp(375): warning C4018: '<': signed 또는 unsigned가 일치하지 않습니다.
main.cpp(243): warning C4101: 'bufferBytes' :참조되지 않은 지역 변수입니다.
  코드를 생성하고 있습니다.
  175 of 1412 functions (12.4%) were compiled, the rest were copied from previous compilation.
    0 functions were new in current compilation
    66 functions had inline decision re-evaluated but remain unchanged
  코드를 생성했습니다.
  AI_project.vcxproj -> F:\Projects\AI\Code\AI_project_realtime_strout\x64\Release\AI_project.exe
  AI_project.vcxproj -> F:\Projects\AI\Code\AI_project_realtime_strout\x64\Release\AI_project.pdb (Full PDB)
