f:\ai_project_v05_library\ai_project\x64\debug\vc140.pdb
f:\ai_project_v05_library\ai_project\x64\debug\vc140.idb
f:\ai_project_v05_library\ai_project\x64\debug\procbuffers.obj
f:\ai_project_v05_library\ai_project\x64\debug\rtiva.obj
f:\ai_project_v05_library\ai_project\x64\debug\sigproc.obj
f:\ai_project_v05_library\ai_project\x64\debug\stft.obj
f:\ai_project_v05_library\ai_project\x64\debug\tools.obj
f:\ai_project_v05_library\ai_project\x64\debug\vad.obj
f:\ai_project_v05_library\ai_project\x64\debug\main.obj
f:\ai_project_v05_library\ai_project\x64\debug\snmf.obj
f:\ai_project_v07_please\ai_project\x64\debug\vc140.pdb
f:\ai_project_v07_please\ai_project\x64\debug\vc140.idb
f:\ai_project_v07_please\ai_project\x64\debug\main.obj
f:\ai_project_v07_please\ai_project\x64\debug\procbuffers.obj
f:\ai_project_v07_please\ai_project\x64\debug\rtiva.obj
f:\ai_project_v07_please\ai_project\x64\debug\sigproc.obj
f:\ai_project_v07_please\ai_project\x64\debug\snmf.obj
f:\ai_project_v07_please\ai_project\x64\debug\stft.obj
f:\ai_project_v07_please\ai_project\x64\debug\tools.obj
f:\ai_project_v07_please\ai_project\x64\debug\vad.obj
f:\ai_project_v10_fin\ai_project\x64\debug\vc140.pdb
f:\ai_project_v10_fin\ai_project\x64\debug\vc140.idb
f:\ai_project_v10_fin\ai_project\x64\debug\asiolist.obj
f:\ai_project_v10_fin\ai_project\x64\debug\iasiothiscallresolver.obj
f:\ai_project_v10_fin\ai_project\x64\debug\procbuffers.obj
f:\ai_project_v10_fin\ai_project\x64\debug\rtaudio.obj
f:\ai_project_v10_fin\ai_project\x64\debug\rtiva.obj
f:\ai_project_v10_fin\ai_project\x64\debug\sigproc.obj
f:\ai_project_v10_fin\ai_project\x64\debug\stft.obj
f:\ai_project_v10_fin\ai_project\x64\debug\tools.obj
f:\ai_project_v10_fin\ai_project\x64\debug\vad.obj
f:\ai_project_v10_fin\ai_project\x64\debug\asio.obj
f:\ai_project_v10_fin\ai_project\x64\debug\asiodrivers.obj
f:\ai_project_v05_library\x64\debug\ai_project.ilk
f:\ai_project_v05_library\x64\debug\ai_project.exe
f:\ai_project_v05_library\x64\debug\ai_project.pdb
f:\ai_project_v07_please\x64\debug\ai_project.ilk
f:\ai_project_v07_please\x64\debug\ai_project.exe
f:\ai_project_v07_please\x64\debug\ai_project.pdb
f:\ai_project_v10_fin\x64\debug\ai_project.pdb
f:\ai_project_v10_fin\x64\debug\ai_project.exe
f:\ai_project_v10_fin\x64\debug\ai_project.ilk
f:\ai_project_v10_fin\ai_project\x64\debug\ai_project.tlog\cl.command.1.tlog
f:\ai_project_v10_fin\ai_project\x64\debug\ai_project.tlog\cl.read.1.tlog
f:\ai_project_v10_fin\ai_project\x64\debug\ai_project.tlog\cl.write.1.tlog
f:\ai_project_v10_fin\ai_project\x64\debug\ai_project.tlog\link.command.1.tlog
f:\ai_project_v10_fin\ai_project\x64\debug\ai_project.tlog\link.read.1.tlog
f:\ai_project_v10_fin\ai_project\x64\debug\ai_project.tlog\link.write.1.tlog
